Using pre-set license
Built from '2020.3/staging' branch; Version is '2020.3.19f1 (68f137dc9bbe) revision 6877495'; Using compiler version '192528614'; Build Type 'Release'
OS: 'Windows 10 Home; OS build 19043.1288; Version 2009; 64bit' Language: 'ru' Physical Memory: 16221 MB
BatchMode: 1, IsHumanControllingUs: 0, StartBugReporterOnCrash: 0, Is64bit: 1, IsPro: 0

COMMAND LINE ARGUMENTS:
C:\Program Files\Unity\Hub\Editor\2020.3.19f1\Editor\Unity.exe
-adb2
-batchMode
-noUpm
-name
AssetImportWorker0
-projectPath
C:/Unity Projects/SibJam/LuckyDay
-logFile
Logs/AssetImportWorker0.log
-srvPort
61152
Successfully changed project path to: C:/Unity Projects/SibJam/LuckyDay
C:/Unity Projects/SibJam/LuckyDay
Using Asset Import Pipeline V2.
Refreshing native plugins compatible for Editor in 35.02 ms, found 3 plugins.
Preloading 0 native plugins for Editor in 0.00 ms.
Initialize engine version: 2020.3.19f1 (68f137dc9bbe)
[Subsystems] Discovering subsystems at path C:/Program Files/Unity/Hub/Editor/2020.3.19f1/Editor/Data/Resources/UnitySubsystems
[Subsystems] Discovering subsystems at path C:/Unity Projects/SibJam/LuckyDay/Assets
GfxDevice: creating device client; threaded=0
Direct3D:
    Version:  Direct3D 11.0 [level 11.1]
    Renderer: NVIDIA GeForce GTX 1650 (ID=0x1f99)
    Vendor:   
    VRAM:     3962 MB
    Driver:   27.21.14.5763
Initialize mono
Mono path[0] = 'C:/Program Files/Unity/Hub/Editor/2020.3.19f1/Editor/Data/Managed'
Mono path[1] = 'C:/Program Files/Unity/Hub/Editor/2020.3.19f1/Editor/Data/MonoBleedingEdge/lib/mono/unityjit'
Mono config path = 'C:/Program Files/Unity/Hub/Editor/2020.3.19f1/Editor/Data/MonoBleedingEdge/etc'
Using monoOptions --debugger-agent=transport=dt_socket,embedding=1,server=y,suspend=n,address=127.0.0.1:56560
Begin MonoManager ReloadAssembly
Registering precompiled unity dll's ...
Register platform support module: C:/Program Files/Unity/Hub/Editor/2020.3.19f1/Editor/Data/PlaybackEngines/WindowsStandaloneSupport/UnityEditor.WindowsStandalone.Extensions.dll
Registered in 0.001358 seconds.
Native extension for WindowsStandalone target not found
Refreshing native plugins compatible for Editor in 35.97 ms, found 3 plugins.
Preloading 0 native plugins for Editor in 0.00 ms.
Mono: successfully reloaded assembly
- Completed reload, in  0.866 seconds
Domain Reload Profiling:
	ReloadAssembly (866ms)
		BeginReloadAssembly (55ms)
			ExecutionOrderSort (0ms)
			DisableScriptedObjects (0ms)
			BackupInstance (0ms)
			ReleaseScriptingObjects (0ms)
			CreateAndSetChildDomain (1ms)
		EndReloadAssembly (361ms)
			LoadAssemblies (53ms)
			RebuildTransferFunctionScriptingTraits (0ms)
			SetupTypeCache (128ms)
			ReleaseScriptCaches (0ms)
			RebuildScriptCaches (28ms)
			SetupLoadedEditorAssemblies (147ms)
				LogAssemblyErrors (0ms)
				InitializePlatformSupportModulesInManaged (3ms)
				SetLoadedEditorAssemblies (0ms)
				RefreshPlugins (36ms)
				BeforeProcessingInitializeOnLoad (14ms)
				ProcessInitializeOnLoadAttributes (68ms)
				ProcessInitializeOnLoadMethodAttributes (25ms)
				AfterProcessingInitializeOnLoad (0ms)
				EditorAssembliesLoaded (0ms)
			ExecutionOrderSort2 (0ms)
			AwakeInstancesAfterBackupRestoration (0ms)
Platform modules already initialized, skipping
Registering precompiled user dll's ...
Registered in 0.002587 seconds.
Begin MonoManager ReloadAssembly
Native extension for WindowsStandalone target not found
Refreshing native plugins compatible for Editor in 34.57 ms, found 3 plugins.
Preloading 0 native plugins for Editor in 0.00 ms.
Mono: successfully reloaded assembly
- Completed reload, in  0.937 seconds
Domain Reload Profiling:
	ReloadAssembly (938ms)
		BeginReloadAssembly (123ms)
			ExecutionOrderSort (0ms)
			DisableScriptedObjects (5ms)
			BackupInstance (0ms)
			ReleaseScriptingObjects (0ms)
			CreateAndSetChildDomain (16ms)
		EndReloadAssembly (760ms)
			LoadAssemblies (73ms)
			RebuildTransferFunctionScriptingTraits (0ms)
			SetupTypeCache (249ms)
			ReleaseScriptCaches (0ms)
			RebuildScriptCaches (42ms)
			SetupLoadedEditorAssemblies (287ms)
				LogAssemblyErrors (0ms)
				InitializePlatformSupportModulesInManaged (3ms)
				SetLoadedEditorAssemblies (0ms)
				RefreshPlugins (35ms)
				BeforeProcessingInitializeOnLoad (64ms)
				ProcessInitializeOnLoadAttributes (169ms)
				ProcessInitializeOnLoadMethodAttributes (11ms)
				AfterProcessingInitializeOnLoad (5ms)
				EditorAssembliesLoaded (0ms)
			ExecutionOrderSort2 (0ms)
			AwakeInstancesAfterBackupRestoration (5ms)
Platform modules already initialized, skipping
========================================================================
Worker process is ready to serve import requests
Launched and connected shader compiler UnityShaderCompiler.exe after 0.05 seconds
Refreshing native plugins compatible for Editor in 0.44 ms, found 3 plugins.
Preloading 0 native plugins for Editor in 0.00 ms.
Unloading 2108 Unused Serialized files (Serialized files now loaded: 0)
System memory in use before: 95.3 MB.
System memory in use after: 95.4 MB.

Unloading 26 unused Assets to reduce memory usage. Loaded Objects now: 2547.
Total: 2.695300 ms (FindLiveObjects: 0.182600 ms CreateObjectMapping: 0.082300 ms MarkObjects: 2.353300 ms  DeleteObjects: 0.076200 ms)

AssetImportParameters requested are different than current active one (requested -> active):
  custom:framework-win-MediaFoundation: 216162199b28c13a410421893ffa2e32 -> 
  custom:video-decoder-ogg-theora: a1e56fd34408186e4bbccfd4996cb3dc -> 
  custom:container-muxer-webm: aa71ff27fc2769a1b78a27578f13a17b -> 
  custom:container-demuxer-webm: 4f35f7cbe854078d1ac9338744f61a02 -> 
  custom:container-demuxer-ogg: 62fdf1f143b41e24485cea50d1cbac27 -> 
  custom:video-encoder-webm-vp8: eb34c28f22e8b96e1ab97ce403110664 -> 
  custom:video-decoder-webm-vp8: 9c59270c3fd7afecdb556c50c9e8de78 -> 
  custom:audio-decoder-ogg-vorbis: bf7c407c2cedff20999df2af8eb42d56 -> 
  custom:audio-encoder-webm-vorbis: bf7c407c2cedff20999df2af8eb42d56 -> 
========================================================================
Received Import Request.
  path: Assets/Scenes/Apartment.unity
  artifactKey: Guid(dbad4a30616994c4ca8ff8239ee819e4) Importer(815301076,1909f56bfc062723c751e8b465ee728b)
Start importing Assets/Scenes/Apartment.unity using Guid(dbad4a30616994c4ca8ff8239ee819e4) Importer(815301076,1909f56bfc062723c751e8b465ee728b)  -> (artifact id: '4354c599806d871b8f0a302c386cd6b4') in 0.014218 seconds 
  Import took 0.017000 seconds .

========================================================================
Received Import Request.
  Time since last request: 4.835684 seconds.
  path: Assets/Sprites/breakfask_burnt.png
  artifactKey: Guid(799d98871e3e46a4591b5eb494023fa5) Importer(815301076,1909f56bfc062723c751e8b465ee728b)
Start importing Assets/Sprites/breakfask_burnt.png using Guid(799d98871e3e46a4591b5eb494023fa5) Importer(815301076,1909f56bfc062723c751e8b465ee728b)  -> (artifact id: 'fcd8ebbc2155da5a51ff8cc6de3559e1') in 0.069155 seconds 
  Import took 0.072480 seconds .

========================================================================
Received Import Request.
  Time since last request: 0.000140 seconds.
  path: Assets/Sprites/Рабочее место.png
  artifactKey: Guid(78f688daf1bb43242b791ef01a95094a) Importer(815301076,1909f56bfc062723c751e8b465ee728b)
Start importing Assets/Sprites/Рабочее место.png using Guid(78f688daf1bb43242b791ef01a95094a) Importer(815301076,1909f56bfc062723c751e8b465ee728b)  -> (artifact id: '68d052e6cf732f048e3b7706ccf2fdfd') in 0.020612 seconds 
  Import took 0.024507 seconds .

========================================================================
Received Import Request.
  Time since last request: 0.000212 seconds.
  path: Assets/Sprites/breakfast-removebg-preview.png
  artifactKey: Guid(b3edb720db42c384da4ae5eda181e19a) Importer(815301076,1909f56bfc062723c751e8b465ee728b)
Start importing Assets/Sprites/breakfast-removebg-preview.png using Guid(b3edb720db42c384da4ae5eda181e19a) Importer(815301076,1909f56bfc062723c751e8b465ee728b)  -> (artifact id: 'd80d0380cf12545d33f33d14c19099e5') in 0.028605 seconds 
  Import took 0.031441 seconds .

========================================================================
Received Import Request.
  Time since last request: 0.000154 seconds.
  path: Assets/Sprites/e-butoon-hi.png
  artifactKey: Guid(f23cb4f3f87ce1246a2973245ba79e02) Importer(815301076,1909f56bfc062723c751e8b465ee728b)
Start importing Assets/Sprites/e-butoon-hi.png using Guid(f23cb4f3f87ce1246a2973245ba79e02) Importer(815301076,1909f56bfc062723c751e8b465ee728b)  -> (artifact id: '12b466590d57c32323cb6d10b633d6c8') in 0.024939 seconds 
  Import took 0.029094 seconds .

========================================================================
Received Import Request.
  Time since last request: 0.000146 seconds.
  path: Assets/Sprites/Шкаф.png
  artifactKey: Guid(c2a8137f538dc6d42bece0987da5893f) Importer(815301076,1909f56bfc062723c751e8b465ee728b)
Start importing Assets/Sprites/Шкаф.png using Guid(c2a8137f538dc6d42bece0987da5893f) Importer(815301076,1909f56bfc062723c751e8b465ee728b)  -> (artifact id: 'bff41c4808fba212625c36ca9bf75919') in 0.020946 seconds 
  Import took 0.023835 seconds .

========================================================================
Received Import Request.
  Time since last request: 0.000198 seconds.
  path: Assets/Sprites/image.png
  artifactKey: Guid(0009cdbb736770d408d57a6b7b1b974e) Importer(815301076,1909f56bfc062723c751e8b465ee728b)
Start importing Assets/Sprites/image.png using Guid(0009cdbb736770d408d57a6b7b1b974e) Importer(815301076,1909f56bfc062723c751e8b465ee728b)  -> (artifact id: '782cf3586b893da245a690efd5af7968') in 0.024481 seconds 
  Import took 0.027674 seconds .

========================================================================
Received Import Request.
  Time since last request: 0.000174 seconds.
  path: Assets/Sprites/Рабочее место, комп включен.png
  artifactKey: Guid(d7dc5327b9b025443a4c2706dfb272f5) Importer(815301076,1909f56bfc062723c751e8b465ee728b)
Start importing Assets/Sprites/Рабочее место, комп включен.png using Guid(d7dc5327b9b025443a4c2706dfb272f5) Importer(815301076,1909f56bfc062723c751e8b465ee728b)  -> (artifact id: '68458abe89d87dfdd3167d37b78f9da7') in 0.024302 seconds 
  Import took 0.027725 seconds .

========================================================================
Received Import Request.
  Time since last request: 0.000146 seconds.
  path: Assets/Sprites/door.png
  artifactKey: Guid(01824bdfb6e3eda45a2a3b3dbd8070f6) Importer(815301076,1909f56bfc062723c751e8b465ee728b)
Start importing Assets/Sprites/door.png using Guid(01824bdfb6e3eda45a2a3b3dbd8070f6) Importer(815301076,1909f56bfc062723c751e8b465ee728b)  -> (artifact id: '1158450388ada13c4a93f8090736161f') in 0.022319 seconds 
  Import took 0.025658 seconds .

========================================================================
Received Import Request.
  Time since last request: 32.048485 seconds.
  path: Assets/Scripts
  artifactKey: Guid(7653a38bf1d52fc4493f41f2c76ff62c) Importer(815301076,1909f56bfc062723c751e8b465ee728b)
Start importing Assets/Scripts using Guid(7653a38bf1d52fc4493f41f2c76ff62c) Importer(815301076,1909f56bfc062723c751e8b465ee728b)  -> (artifact id: '66f4f94e58af0da37e14708e1288aec5') in 0.007932 seconds 
  Import took 0.010782 seconds .

========================================================================
Received Import Request.
  Time since last request: 10.725739 seconds.
  path: Assets/Scripts/DoorToNextScene.cs
  artifactKey: Guid(cb49af981a38b514c88f03841eac9318) Importer(815301076,1909f56bfc062723c751e8b465ee728b)
Start importing Assets/Scripts/DoorToNextScene.cs using Guid(cb49af981a38b514c88f03841eac9318) Importer(815301076,1909f56bfc062723c751e8b465ee728b)  -> (artifact id: 'd2203c8dd8f0b69b962e7f2a46ede272') in 0.009693 seconds 
  Import took 0.012771 seconds .

========================================================================
Received Prepare
Registering precompiled user dll's ...
Registered in 0.002321 seconds.
Begin MonoManager ReloadAssembly
Native extension for WindowsStandalone target not found
Refreshing native plugins compatible for Editor in 0.40 ms, found 3 plugins.
Preloading 0 native plugins for Editor in 0.00 ms.
Mono: successfully reloaded assembly
- Completed reload, in  0.894 seconds
Domain Reload Profiling:
	ReloadAssembly (894ms)
		BeginReloadAssembly (100ms)
			ExecutionOrderSort (0ms)
			DisableScriptedObjects (5ms)
			BackupInstance (0ms)
			ReleaseScriptingObjects (0ms)
			CreateAndSetChildDomain (32ms)
		EndReloadAssembly (740ms)
			LoadAssemblies (80ms)
			RebuildTransferFunctionScriptingTraits (0ms)
			SetupTypeCache (256ms)
			ReleaseScriptCaches (1ms)
			RebuildScriptCaches (38ms)
			SetupLoadedEditorAssemblies (264ms)
				LogAssemblyErrors (0ms)
				InitializePlatformSupportModulesInManaged (4ms)
				SetLoadedEditorAssemblies (0ms)
				RefreshPlugins (0ms)
				BeforeProcessingInitializeOnLoad (67ms)
				ProcessInitializeOnLoadAttributes (180ms)
				ProcessInitializeOnLoadMethodAttributes (6ms)
				AfterProcessingInitializeOnLoad (5ms)
				EditorAssembliesLoaded (0ms)
			ExecutionOrderSort2 (0ms)
			AwakeInstancesAfterBackupRestoration (11ms)
Platform modules already initialized, skipping
Refreshing native plugins compatible for Editor in 0.70 ms, found 3 plugins.
Preloading 0 native plugins for Editor in 0.00 ms.
Unloading 2086 Unused Serialized files (Serialized files now loaded: 0)
System memory in use before: 96.4 MB.
System memory in use after: 96.5 MB.

Unloading 14 unused Assets to reduce memory usage. Loaded Objects now: 2561.
Total: 3.795800 ms (FindLiveObjects: 0.227100 ms CreateObjectMapping: 0.108600 ms MarkObjects: 3.405000 ms  DeleteObjects: 0.052700 ms)

AssetImportParameters requested are different than current active one (requested -> active):
  custom:framework-win-MediaFoundation: 216162199b28c13a410421893ffa2e32 -> 
  custom:video-decoder-ogg-theora: a1e56fd34408186e4bbccfd4996cb3dc -> 
  custom:container-muxer-webm: aa71ff27fc2769a1b78a27578f13a17b -> 
  custom:container-demuxer-webm: 4f35f7cbe854078d1ac9338744f61a02 -> 
  custom:container-demuxer-ogg: 62fdf1f143b41e24485cea50d1cbac27 -> 
  custom:video-encoder-webm-vp8: eb34c28f22e8b96e1ab97ce403110664 -> 
  custom:video-decoder-webm-vp8: 9c59270c3fd7afecdb556c50c9e8de78 -> 
  custom:audio-decoder-ogg-vorbis: bf7c407c2cedff20999df2af8eb42d56 -> 
  custom:audio-encoder-webm-vorbis: bf7c407c2cedff20999df2af8eb42d56 -> 
========================================================================
Received Import Request.
  Time since last request: 95.841295 seconds.
  path: Assets/Scripts/Shower.cs
  artifactKey: Guid(7334e00a6fe33834887f445383143b92) Importer(815301076,1909f56bfc062723c751e8b465ee728b)
Start importing Assets/Scripts/Shower.cs using Guid(7334e00a6fe33834887f445383143b92) Importer(815301076,1909f56bfc062723c751e8b465ee728b)  -> (artifact id: 'c3450d796d334d551d7df5ee38499424') in 0.008448 seconds 
  Import took 0.012623 seconds .

========================================================================
Received Import Request.
  Time since last request: 18.131591 seconds.
  path: Assets/Scripts/Shower.cs
  artifactKey: Guid(7334e00a6fe33834887f445383143b92) Importer(815301076,1909f56bfc062723c751e8b465ee728b)
Start importing Assets/Scripts/Shower.cs using Guid(7334e00a6fe33834887f445383143b92) Importer(815301076,1909f56bfc062723c751e8b465ee728b)  -> (artifact id: '0dc1cf1f57f4fe28bd04bc26943c74a6') in 0.002344 seconds 
  Import took 0.006023 seconds .

========================================================================
Received Prepare
Registering precompiled user dll's ...
Registered in 0.002864 seconds.
Begin MonoManager ReloadAssembly
Native extension for WindowsStandalone target not found
Refreshing native plugins compatible for Editor in 0.40 ms, found 3 plugins.
Preloading 0 native plugins for Editor in 0.00 ms.
Mono: successfully reloaded assembly
- Completed reload, in  1.047 seconds
Domain Reload Profiling:
	ReloadAssembly (1047ms)
		BeginReloadAssembly (144ms)
			ExecutionOrderSort (0ms)
			DisableScriptedObjects (8ms)
			BackupInstance (0ms)
			ReleaseScriptingObjects (0ms)
			CreateAndSetChildDomain (49ms)
		EndReloadAssembly (812ms)
			LoadAssemblies (115ms)
			RebuildTransferFunctionScriptingTraits (0ms)
			SetupTypeCache (272ms)
			ReleaseScriptCaches (1ms)
			RebuildScriptCaches (43ms)
			SetupLoadedEditorAssemblies (277ms)
				LogAssemblyErrors (0ms)
				InitializePlatformSupportModulesInManaged (6ms)
				SetLoadedEditorAssemblies (0ms)
				RefreshPlugins (0ms)
				BeforeProcessingInitializeOnLoad (77ms)
				ProcessInitializeOnLoadAttributes (183ms)
				ProcessInitializeOnLoadMethodAttributes (5ms)
				AfterProcessingInitializeOnLoad (5ms)
				EditorAssembliesLoaded (0ms)
			ExecutionOrderSort2 (0ms)
			AwakeInstancesAfterBackupRestoration (12ms)
Platform modules already initialized, skipping
Refreshing native plugins compatible for Editor in 0.41 ms, found 3 plugins.
Preloading 0 native plugins for Editor in 0.00 ms.
Unloading 2086 Unused Serialized files (Serialized files now loaded: 0)
System memory in use before: 96.5 MB.
System memory in use after: 96.6 MB.

Unloading 14 unused Assets to reduce memory usage. Loaded Objects now: 2564.
Total: 2.781500 ms (FindLiveObjects: 0.384400 ms CreateObjectMapping: 0.132200 ms MarkObjects: 2.249400 ms  DeleteObjects: 0.014000 ms)

AssetImportParameters requested are different than current active one (requested -> active):
  custom:framework-win-MediaFoundation: 216162199b28c13a410421893ffa2e32 -> 
  custom:video-decoder-ogg-theora: a1e56fd34408186e4bbccfd4996cb3dc -> 
  custom:container-muxer-webm: aa71ff27fc2769a1b78a27578f13a17b -> 
  custom:container-demuxer-webm: 4f35f7cbe854078d1ac9338744f61a02 -> 
  custom:container-demuxer-ogg: 62fdf1f143b41e24485cea50d1cbac27 -> 
  custom:video-encoder-webm-vp8: eb34c28f22e8b96e1ab97ce403110664 -> 
  custom:video-decoder-webm-vp8: 9c59270c3fd7afecdb556c50c9e8de78 -> 
  custom:audio-decoder-ogg-vorbis: bf7c407c2cedff20999df2af8eb42d56 -> 
  custom:audio-encoder-webm-vorbis: bf7c407c2cedff20999df2af8eb42d56 -> 
========================================================================
Received Prepare
Registering precompiled user dll's ...
Registered in 0.002183 seconds.
Begin MonoManager ReloadAssembly
Native extension for WindowsStandalone target not found
Refreshing native plugins compatible for Editor in 0.44 ms, found 3 plugins.
Preloading 0 native plugins for Editor in 0.00 ms.
Mono: successfully reloaded assembly
- Completed reload, in  0.881 seconds
Domain Reload Profiling:
	ReloadAssembly (881ms)
		BeginReloadAssembly (95ms)
			ExecutionOrderSort (0ms)
			DisableScriptedObjects (5ms)
			BackupInstance (0ms)
			ReleaseScriptingObjects (0ms)
			CreateAndSetChildDomain (28ms)
		EndReloadAssembly (734ms)
			LoadAssemblies (71ms)
			RebuildTransferFunctionScriptingTraits (0ms)
			SetupTypeCache (266ms)
			ReleaseScriptCaches (1ms)
			RebuildScriptCaches (36ms)
			SetupLoadedEditorAssemblies (263ms)
				LogAssemblyErrors (0ms)
				InitializePlatformSupportModulesInManaged (6ms)
				SetLoadedEditorAssemblies (1ms)
				RefreshPlugins (0ms)
				BeforeProcessingInitializeOnLoad (72ms)
				ProcessInitializeOnLoadAttributes (170ms)
				ProcessInitializeOnLoadMethodAttributes (7ms)
				AfterProcessingInitializeOnLoad (7ms)
				EditorAssembliesLoaded (0ms)
			ExecutionOrderSort2 (0ms)
			AwakeInstancesAfterBackupRestoration (11ms)
Platform modules already initialized, skipping
Refreshing native plugins compatible for Editor in 0.43 ms, found 3 plugins.
Preloading 0 native plugins for Editor in 0.00 ms.
Unloading 2086 Unused Serialized files (Serialized files now loaded: 0)
System memory in use before: 96.5 MB.
System memory in use after: 96.6 MB.

Unloading 14 unused Assets to reduce memory usage. Loaded Objects now: 2567.
Total: 3.011300 ms (FindLiveObjects: 0.255400 ms CreateObjectMapping: 0.122800 ms MarkObjects: 2.612700 ms  DeleteObjects: 0.019300 ms)

AssetImportParameters requested are different than current active one (requested -> active):
  custom:framework-win-MediaFoundation: 216162199b28c13a410421893ffa2e32 -> 
  custom:video-decoder-ogg-theora: a1e56fd34408186e4bbccfd4996cb3dc -> 
  custom:container-muxer-webm: aa71ff27fc2769a1b78a27578f13a17b -> 
  custom:container-demuxer-webm: 4f35f7cbe854078d1ac9338744f61a02 -> 
  custom:container-demuxer-ogg: 62fdf1f143b41e24485cea50d1cbac27 -> 
  custom:video-encoder-webm-vp8: eb34c28f22e8b96e1ab97ce403110664 -> 
  custom:video-decoder-webm-vp8: 9c59270c3fd7afecdb556c50c9e8de78 -> 
  custom:audio-decoder-ogg-vorbis: bf7c407c2cedff20999df2af8eb42d56 -> 
  custom:audio-encoder-webm-vorbis: bf7c407c2cedff20999df2af8eb42d56 -> 
========================================================================
Received Prepare
Registering precompiled user dll's ...
Registered in 0.002216 seconds.
Begin MonoManager ReloadAssembly
Native extension for WindowsStandalone target not found
Refreshing native plugins compatible for Editor in 0.66 ms, found 3 plugins.
Preloading 0 native plugins for Editor in 0.00 ms.
Mono: successfully reloaded assembly
- Completed reload, in  0.895 seconds
Domain Reload Profiling:
	ReloadAssembly (895ms)
		BeginReloadAssembly (96ms)
			ExecutionOrderSort (0ms)
			DisableScriptedObjects (5ms)
			BackupInstance (0ms)
			ReleaseScriptingObjects (0ms)
			CreateAndSetChildDomain (29ms)
		EndReloadAssembly (748ms)
			LoadAssemblies (72ms)
			RebuildTransferFunctionScriptingTraits (0ms)
			SetupTypeCache (264ms)
			ReleaseScriptCaches (2ms)
			RebuildScriptCaches (38ms)
			SetupLoadedEditorAssemblies (267ms)
				LogAssemblyErrors (0ms)
				InitializePlatformSupportModulesInManaged (5ms)
				SetLoadedEditorAssemblies (0ms)
				RefreshPlugins (1ms)
				BeforeProcessingInitializeOnLoad (71ms)
				ProcessInitializeOnLoadAttributes (181ms)
				ProcessInitializeOnLoadMethodAttributes (5ms)
				AfterProcessingInitializeOnLoad (5ms)
				EditorAssembliesLoaded (0ms)
			ExecutionOrderSort2 (0ms)
			AwakeInstancesAfterBackupRestoration (9ms)
Platform modules already initialized, skipping
Refreshing native plugins compatible for Editor in 0.45 ms, found 3 plugins.
Preloading 0 native plugins for Editor in 0.00 ms.
Unloading 2086 Unused Serialized files (Serialized files now loaded: 0)
System memory in use before: 96.5 MB.
System memory in use after: 96.6 MB.

Unloading 14 unused Assets to reduce memory usage. Loaded Objects now: 2570.
Total: 2.747300 ms (FindLiveObjects: 0.189100 ms CreateObjectMapping: 0.085800 ms MarkObjects: 2.456200 ms  DeleteObjects: 0.015000 ms)

AssetImportParameters requested are different than current active one (requested -> active):
  custom:framework-win-MediaFoundation: 216162199b28c13a410421893ffa2e32 -> 
  custom:video-decoder-ogg-theora: a1e56fd34408186e4bbccfd4996cb3dc -> 
  custom:container-muxer-webm: aa71ff27fc2769a1b78a27578f13a17b -> 
  custom:container-demuxer-webm: 4f35f7cbe854078d1ac9338744f61a02 -> 
  custom:container-demuxer-ogg: 62fdf1f143b41e24485cea50d1cbac27 -> 
  custom:video-encoder-webm-vp8: eb34c28f22e8b96e1ab97ce403110664 -> 
  custom:video-decoder-webm-vp8: 9c59270c3fd7afecdb556c50c9e8de78 -> 
  custom:audio-decoder-ogg-vorbis: bf7c407c2cedff20999df2af8eb42d56 -> 
  custom:audio-encoder-webm-vorbis: bf7c407c2cedff20999df2af8eb42d56 -> 
========================================================================
Received Prepare
Registering precompiled user dll's ...
Registered in 0.002233 seconds.
Begin MonoManager ReloadAssembly
Native extension for WindowsStandalone target not found
Refreshing native plugins compatible for Editor in 0.42 ms, found 3 plugins.
Preloading 0 native plugins for Editor in 0.00 ms.
Mono: successfully reloaded assembly
- Completed reload, in  1.035 seconds
Domain Reload Profiling:
	ReloadAssembly (1035ms)
		BeginReloadAssembly (104ms)
			ExecutionOrderSort (0ms)
			DisableScriptedObjects (6ms)
			BackupInstance (0ms)
			ReleaseScriptingObjects (0ms)
			CreateAndSetChildDomain (30ms)
		EndReloadAssembly (863ms)
			LoadAssemblies (82ms)
			RebuildTransferFunctionScriptingTraits (0ms)
			SetupTypeCache (303ms)
			ReleaseScriptCaches (1ms)
			RebuildScriptCaches (39ms)
			SetupLoadedEditorAssemblies (326ms)
				LogAssemblyErrors (0ms)
				InitializePlatformSupportModulesInManaged (4ms)
				SetLoadedEditorAssemblies (0ms)
				RefreshPlugins (0ms)
				BeforeProcessingInitializeOnLoad (89ms)
				ProcessInitializeOnLoadAttributes (222ms)
				ProcessInitializeOnLoadMethodAttributes (5ms)
				AfterProcessingInitializeOnLoad (5ms)
				EditorAssembliesLoaded (0ms)
			ExecutionOrderSort2 (0ms)
			AwakeInstancesAfterBackupRestoration (12ms)
Platform modules already initialized, skipping
Refreshing native plugins compatible for Editor in 0.66 ms, found 3 plugins.
Preloading 0 native plugins for Editor in 0.00 ms.
Unloading 2086 Unused Serialized files (Serialized files now loaded: 0)
System memory in use before: 96.5 MB.
System memory in use after: 96.6 MB.

Unloading 14 unused Assets to reduce memory usage. Loaded Objects now: 2573.
Total: 2.909600 ms (FindLiveObjects: 0.213800 ms CreateObjectMapping: 0.087100 ms MarkObjects: 2.592300 ms  DeleteObjects: 0.015300 ms)

AssetImportParameters requested are different than current active one (requested -> active):
  custom:framework-win-MediaFoundation: 216162199b28c13a410421893ffa2e32 -> 
  custom:video-decoder-ogg-theora: a1e56fd34408186e4bbccfd4996cb3dc -> 
  custom:container-muxer-webm: aa71ff27fc2769a1b78a27578f13a17b -> 
  custom:container-demuxer-webm: 4f35f7cbe854078d1ac9338744f61a02 -> 
  custom:container-demuxer-ogg: 62fdf1f143b41e24485cea50d1cbac27 -> 
  custom:video-encoder-webm-vp8: eb34c28f22e8b96e1ab97ce403110664 -> 
  custom:video-decoder-webm-vp8: 9c59270c3fd7afecdb556c50c9e8de78 -> 
  custom:audio-decoder-ogg-vorbis: bf7c407c2cedff20999df2af8eb42d56 -> 
  custom:audio-encoder-webm-vorbis: bf7c407c2cedff20999df2af8eb42d56 -> 
========================================================================
Received Import Request.
  Time since last request: 156.990284 seconds.
  path: Assets/Scripts/DoorToNextScene.cs
  artifactKey: Guid(cb49af981a38b514c88f03841eac9318) Importer(815301076,1909f56bfc062723c751e8b465ee728b)
Start importing Assets/Scripts/DoorToNextScene.cs using Guid(cb49af981a38b514c88f03841eac9318) Importer(815301076,1909f56bfc062723c751e8b465ee728b)  -> (artifact id: 'cbbb7d8f685a6853a724634ae955be33') in 0.005154 seconds 
  Import took 0.008325 seconds .

========================================================================
Received Prepare
Registering precompiled user dll's ...
Registered in 0.004255 seconds.
Begin MonoManager ReloadAssembly
Native extension for WindowsStandalone target not found
Refreshing native plugins compatible for Editor in 0.40 ms, found 3 plugins.
Preloading 0 native plugins for Editor in 0.00 ms.
Mono: successfully reloaded assembly
- Completed reload, in  0.882 seconds
Domain Reload Profiling:
	ReloadAssembly (882ms)
		BeginReloadAssembly (96ms)
			ExecutionOrderSort (0ms)
			DisableScriptedObjects (6ms)
			BackupInstance (0ms)
			ReleaseScriptingObjects (0ms)
			CreateAndSetChildDomain (29ms)
		EndReloadAssembly (721ms)
			LoadAssemblies (84ms)
			RebuildTransferFunctionScriptingTraits (0ms)
			SetupTypeCache (254ms)
			ReleaseScriptCaches (1ms)
			RebuildScriptCaches (36ms)
			SetupLoadedEditorAssemblies (247ms)
				LogAssemblyErrors (0ms)
				InitializePlatformSupportModulesInManaged (4ms)
				SetLoadedEditorAssemblies (0ms)
				RefreshPlugins (0ms)
				BeforeProcessingInitializeOnLoad (68ms)
				ProcessInitializeOnLoadAttributes (164ms)
				ProcessInitializeOnLoadMethodAttributes (5ms)
				AfterProcessingInitializeOnLoad (4ms)
				EditorAssembliesLoaded (0ms)
			ExecutionOrderSort2 (0ms)
			AwakeInstancesAfterBackupRestoration (10ms)
Platform modules already initialized, skipping
Refreshing native plugins compatible for Editor in 0.40 ms, found 3 plugins.
Preloading 0 native plugins for Editor in 0.00 ms.
Unloading 2086 Unused Serialized files (Serialized files now loaded: 0)
System memory in use before: 96.5 MB.
System memory in use after: 96.6 MB.

Unloading 14 unused Assets to reduce memory usage. Loaded Objects now: 2576.
Total: 2.667000 ms (FindLiveObjects: 0.193700 ms CreateObjectMapping: 0.081400 ms MarkObjects: 2.378000 ms  DeleteObjects: 0.013300 ms)

AssetImportParameters requested are different than current active one (requested -> active):
  custom:framework-win-MediaFoundation: 216162199b28c13a410421893ffa2e32 -> 
  custom:video-decoder-ogg-theora: a1e56fd34408186e4bbccfd4996cb3dc -> 
  custom:container-muxer-webm: aa71ff27fc2769a1b78a27578f13a17b -> 
  custom:container-demuxer-webm: 4f35f7cbe854078d1ac9338744f61a02 -> 
  custom:container-demuxer-ogg: 62fdf1f143b41e24485cea50d1cbac27 -> 
  custom:video-encoder-webm-vp8: eb34c28f22e8b96e1ab97ce403110664 -> 
  custom:video-decoder-webm-vp8: 9c59270c3fd7afecdb556c50c9e8de78 -> 
  custom:audio-decoder-ogg-vorbis: bf7c407c2cedff20999df2af8eb42d56 -> 
  custom:audio-encoder-webm-vorbis: bf7c407c2cedff20999df2af8eb42d56 -> 
========================================================================
Received Import Request.
  Time since last request: 14.420947 seconds.
  path: Assets/Scenes/Hall.unity
  artifactKey: Guid(bcc8892fb4511eb43a76fe9e99e1668b) Importer(815301076,1909f56bfc062723c751e8b465ee728b)
Start importing Assets/Scenes/Hall.unity using Guid(bcc8892fb4511eb43a76fe9e99e1668b) Importer(815301076,1909f56bfc062723c751e8b465ee728b)  -> (artifact id: '16c8edc495436926f644303fe5bdc444') in 0.017202 seconds 
  Import took 0.020297 seconds .

========================================================================
Received Prepare
Registering precompiled user dll's ...
Registered in 0.002091 seconds.
Begin MonoManager ReloadAssembly
Native extension for WindowsStandalone target not found
Refreshing native plugins compatible for Editor in 0.46 ms, found 3 plugins.
Preloading 0 native plugins for Editor in 0.00 ms.
Mono: successfully reloaded assembly
- Completed reload, in  0.855 seconds
Domain Reload Profiling:
	ReloadAssembly (856ms)
		BeginReloadAssembly (103ms)
			ExecutionOrderSort (0ms)
			DisableScriptedObjects (5ms)
			BackupInstance (0ms)
			ReleaseScriptingObjects (0ms)
			CreateAndSetChildDomain (30ms)
		EndReloadAssembly (701ms)
			LoadAssemblies (72ms)
			RebuildTransferFunctionScriptingTraits (0ms)
			SetupTypeCache (241ms)
			ReleaseScriptCaches (1ms)
			RebuildScriptCaches (36ms)
			SetupLoadedEditorAssemblies (258ms)
				LogAssemblyErrors (0ms)
				InitializePlatformSupportModulesInManaged (4ms)
				SetLoadedEditorAssemblies (0ms)
				RefreshPlugins (1ms)
				BeforeProcessingInitializeOnLoad (71ms)
				ProcessInitializeOnLoadAttributes (172ms)
				ProcessInitializeOnLoadMethodAttributes (5ms)
				AfterProcessingInitializeOnLoad (5ms)
				EditorAssembliesLoaded (0ms)
			ExecutionOrderSort2 (0ms)
			AwakeInstancesAfterBackupRestoration (10ms)
Platform modules already initialized, skipping
Refreshing native plugins compatible for Editor in 0.39 ms, found 3 plugins.
Preloading 0 native plugins for Editor in 0.00 ms.
Unloading 2086 Unused Serialized files (Serialized files now loaded: 0)
System memory in use before: 96.5 MB.
System memory in use after: 96.7 MB.

Unloading 14 unused Assets to reduce memory usage. Loaded Objects now: 2579.
Total: 2.577900 ms (FindLiveObjects: 0.181800 ms CreateObjectMapping: 0.078100 ms MarkObjects: 2.304500 ms  DeleteObjects: 0.012700 ms)

AssetImportParameters requested are different than current active one (requested -> active):
  custom:framework-win-MediaFoundation: 216162199b28c13a410421893ffa2e32 -> 
  custom:video-decoder-ogg-theora: a1e56fd34408186e4bbccfd4996cb3dc -> 
  custom:container-muxer-webm: aa71ff27fc2769a1b78a27578f13a17b -> 
  custom:container-demuxer-webm: 4f35f7cbe854078d1ac9338744f61a02 -> 
  custom:container-demuxer-ogg: 62fdf1f143b41e24485cea50d1cbac27 -> 
  custom:video-encoder-webm-vp8: eb34c28f22e8b96e1ab97ce403110664 -> 
  custom:video-decoder-webm-vp8: 9c59270c3fd7afecdb556c50c9e8de78 -> 
  custom:audio-decoder-ogg-vorbis: bf7c407c2cedff20999df2af8eb42d56 -> 
  custom:audio-encoder-webm-vorbis: bf7c407c2cedff20999df2af8eb42d56 -> 
========================================================================
Received Import Request.
  Time since last request: 2.251678 seconds.
  path: Assets/Scenes/SampleScene.unity
  artifactKey: Guid(2cda990e2423bbf4892e6590ba056729) Importer(815301076,1909f56bfc062723c751e8b465ee728b)
Start importing Assets/Scenes/SampleScene.unity using Guid(2cda990e2423bbf4892e6590ba056729) Importer(815301076,1909f56bfc062723c751e8b465ee728b)  -> (artifact id: '4adb149d1a0e081ae413c51d3007128b') in 0.015976 seconds 
  Import took 0.019716 seconds .

========================================================================
Received Import Request.
  Time since last request: 0.876681 seconds.
  path: Assets/Scenes/Boss room.unity
  artifactKey: Guid(a9487b6921dbab84c86776d9929afe46) Importer(815301076,1909f56bfc062723c751e8b465ee728b)
Start importing Assets/Scenes/Boss room.unity using Guid(a9487b6921dbab84c86776d9929afe46) Importer(815301076,1909f56bfc062723c751e8b465ee728b)  -> (artifact id: '402e354cf6ff0cf501b00792d0f57533') in 0.006880 seconds 
  Import took 0.010004 seconds .

========================================================================
Received Import Request.
  Time since last request: 1.304185 seconds.
  path: Assets/Scenes/Warehouse.unity
  artifactKey: Guid(1ac43e4a36e47bf448c5aa38faaed3c7) Importer(815301076,1909f56bfc062723c751e8b465ee728b)
Start importing Assets/Scenes/Warehouse.unity using Guid(1ac43e4a36e47bf448c5aa38faaed3c7) Importer(815301076,1909f56bfc062723c751e8b465ee728b)  -> (artifact id: 'a278000f0fbe68b489b02d45d4e47cd7') in 0.007973 seconds 
  Import took 0.011833 seconds .

========================================================================
Received Import Request.
  Time since last request: 28.315626 seconds.
  path: Assets/Sprites/Ресепшн
  artifactKey: Guid(82119a437e60a344a85a475256868746) Importer(815301076,1909f56bfc062723c751e8b465ee728b)
Start importing Assets/Sprites/Ресепшн using Guid(82119a437e60a344a85a475256868746) Importer(815301076,1909f56bfc062723c751e8b465ee728b)  -> (artifact id: '501ff54540545793952e35235d12debc') in 0.007351 seconds 
  Import took 0.011004 seconds .

========================================================================
Received Import Request.
  Time since last request: 0.045213 seconds.
  path: Assets/Sprites/Ресепшн/hall.png
  artifactKey: Guid(6c4f7e5c3f2ffbc4ca7d0bf5a1bf672c) Importer(815301076,1909f56bfc062723c751e8b465ee728b)
Start importing Assets/Sprites/Ресепшн/hall.png using Guid(6c4f7e5c3f2ffbc4ca7d0bf5a1bf672c) Importer(815301076,1909f56bfc062723c751e8b465ee728b)  -> (artifact id: '0ebc5ee227281297b8f18dc6a19b8e78') in 0.040047 seconds 
  Import took 0.042980 seconds .

========================================================================
Received Import Request.
  Time since last request: 7.939051 seconds.
  path: Assets/Scenes/Apartment.unity
  artifactKey: Guid(dbad4a30616994c4ca8ff8239ee819e4) Importer(815301076,1909f56bfc062723c751e8b465ee728b)
Start importing Assets/Scenes/Apartment.unity using Guid(dbad4a30616994c4ca8ff8239ee819e4) Importer(815301076,1909f56bfc062723c751e8b465ee728b)  -> (artifact id: 'bb4a23b42c77ba787989a166e1f9686d') in 0.007719 seconds 
  Import took 0.011399 seconds .

========================================================================
Received Import Request.
  Time since last request: 9.284396 seconds.
  path: Assets/Scenes/Hall.unity
  artifactKey: Guid(bcc8892fb4511eb43a76fe9e99e1668b) Importer(815301076,1909f56bfc062723c751e8b465ee728b)
Start importing Assets/Scenes/Hall.unity using Guid(bcc8892fb4511eb43a76fe9e99e1668b) Importer(815301076,1909f56bfc062723c751e8b465ee728b)  -> (artifact id: 'ded4ec5def871f0194fcf9f598f79e9d') in 0.002534 seconds 
  Import took 0.007651 seconds .

========================================================================
Received Import Request.
  Time since last request: 45.295654 seconds.
  path: Assets/Scenes/Hall.unity
  artifactKey: Guid(bcc8892fb4511eb43a76fe9e99e1668b) Importer(815301076,1909f56bfc062723c751e8b465ee728b)
Start importing Assets/Scenes/Hall.unity using Guid(bcc8892fb4511eb43a76fe9e99e1668b) Importer(815301076,1909f56bfc062723c751e8b465ee728b)  -> (artifact id: '82fa2eaddf4ce4876d402419fca5a27b') in 0.002737 seconds 
  Import took 0.007657 seconds .

========================================================================
Received Import Request.
  Time since last request: 80.193024 seconds.
  path: Assets/Sprites/Player/Player BACK.png
  artifactKey: Guid(0f1bfccf875ae044f9b451718cc4b144) Importer(815301076,1909f56bfc062723c751e8b465ee728b)
Start importing Assets/Sprites/Player/Player BACK.png using Guid(0f1bfccf875ae044f9b451718cc4b144) Importer(815301076,1909f56bfc062723c751e8b465ee728b)  -> (artifact id: '9d25c537447f6482fdc8b4e944cb2b3f') in 0.014537 seconds 
  Import took 0.018117 seconds .

========================================================================
Received Import Request.
  Time since last request: 0.000241 seconds.
  path: Assets/Sprites/Player/Player FRONT.png
  artifactKey: Guid(68461b58a1a2b134d95c8004d0712ba4) Importer(815301076,1909f56bfc062723c751e8b465ee728b)
Start importing Assets/Sprites/Player/Player FRONT.png using Guid(68461b58a1a2b134d95c8004d0712ba4) Importer(815301076,1909f56bfc062723c751e8b465ee728b)  -> (artifact id: 'ca41e10f0a68c1b2d5d0cdd2ba0d0de6') in 0.014194 seconds 
  Import took 0.017754 seconds .

========================================================================
Received Import Request.
  Time since last request: 0.000181 seconds.
  path: Assets/Sprites/Player/Player RIGHT.png
  artifactKey: Guid(14524fad365441c49a2aabbd01f29294) Importer(815301076,1909f56bfc062723c751e8b465ee728b)
Start importing Assets/Sprites/Player/Player RIGHT.png using Guid(14524fad365441c49a2aabbd01f29294) Importer(815301076,1909f56bfc062723c751e8b465ee728b)  -> (artifact id: 'a6d0b20f57b8d13b3ad941e94a5569f2') in 0.015660 seconds 
  Import took 0.019840 seconds .

========================================================================
Received Import Request.
  Time since last request: 0.000620 seconds.
  path: Assets/Sprites/Player/Player LEFT.png
  artifactKey: Guid(8a23e49582abd38408d746fc0be7c8f8) Importer(815301076,1909f56bfc062723c751e8b465ee728b)
Start importing Assets/Sprites/Player/Player LEFT.png using Guid(8a23e49582abd38408d746fc0be7c8f8) Importer(815301076,1909f56bfc062723c751e8b465ee728b)  -> (artifact id: '208a9cf041406986cc17de95d7c66e88') in 0.015371 seconds 
  Import took 0.018923 seconds .

========================================================================
Received Import Request.
  Time since last request: 0.000177 seconds.
  path: Assets/Sprites/Player/Player.psd
  artifactKey: Guid(81650c6d0ed69b8458e873ab7765c0e8) Importer(815301076,1909f56bfc062723c751e8b465ee728b)
Start importing Assets/Sprites/Player/Player.psd using Guid(81650c6d0ed69b8458e873ab7765c0e8) Importer(815301076,1909f56bfc062723c751e8b465ee728b)  -> (artifact id: 'b1029deb69ef64e6c839b886c3c23a9f') in 0.017431 seconds 
  Import took 0.023515 seconds .

========================================================================
Received Import Request.
  Time since last request: 132.654550 seconds.
  path: Assets/Scenes
  artifactKey: Guid(34cb32d89f4718f4fb68d56572677da5) Importer(815301076,1909f56bfc062723c751e8b465ee728b)
Start importing Assets/Scenes using Guid(34cb32d89f4718f4fb68d56572677da5) Importer(815301076,1909f56bfc062723c751e8b465ee728b)  -> (artifact id: '14e6a6c282779c77b5c932364d660e9f') in 0.008278 seconds 
  Import took 0.012041 seconds .

========================================================================
Received Import Request.
  Time since last request: 16.318194 seconds.
  path: Assets/Scenes/Halll.unity
  artifactKey: Guid(28f3c7606bb85ae4299795f0f86f895a) Importer(815301076,1909f56bfc062723c751e8b465ee728b)
Start importing Assets/Scenes/Halll.unity using Guid(28f3c7606bb85ae4299795f0f86f895a) Importer(815301076,1909f56bfc062723c751e8b465ee728b)  -> (artifact id: '2b70344f65868e90c6d36dca48849972') in 0.007155 seconds 
  Import took 0.011567 seconds .

========================================================================
Received Import Request.
  Time since last request: 12.547481 seconds.
  path: Assets/Scenes/Hall.unity
  artifactKey: Guid(28f3c7606bb85ae4299795f0f86f895a) Importer(815301076,1909f56bfc062723c751e8b465ee728b)
Start importing Assets/Scenes/Hall.unity using Guid(28f3c7606bb85ae4299795f0f86f895a) Importer(815301076,1909f56bfc062723c751e8b465ee728b)  -> (artifact id: '02f99156d7e5d2046709668a2efe0a48') in 0.002365 seconds 
  Import took 0.005580 seconds .

========================================================================
Received Import Request.
  Time since last request: 2.629487 seconds.
  path: Assets/Scenes/Hall.unity
  artifactKey: Guid(28f3c7606bb85ae4299795f0f86f895a) Importer(815301076,1909f56bfc062723c751e8b465ee728b)
Start importing Assets/Scenes/Hall.unity using Guid(28f3c7606bb85ae4299795f0f86f895a) Importer(815301076,1909f56bfc062723c751e8b465ee728b)  -> (artifact id: '38d093db0ca0d5fbcaf9b0ec2cd7ba8b') in 0.004362 seconds 
  Import took 0.007738 seconds .

